2018-08-31 09:36:09,233 [INFO] test_env.py line:16: ### Request start###
2018-08-31 09:36:09,233 [INFO] test_env.py line:17: Method:POST, URL:http://121.41.30.64:8888/account/pwd
2018-08-31 09:36:09,233 [INFO] test_env.py line:19: Header:{'Content-Length': '59', 'apikey': 'anon_viphrm_com', 'Accept-Encoding': 'gzip, deflate', 'timestamp': '1535679368000', 'Accept': '*/*', 'User-Agent': 'python-requests/2.19.1', 'Connection': 'keep-alive', 'devicetype': '0', 'location': '121.428572,31.228383', 'sign': '73b940250e48a92b07741a29737c263f', 'content-type': 'application/json; charset=UTF-8', 'devicetoken': 'a61dc05ebd9b8b61'}
2018-08-31 09:36:09,234 [INFO] test_env.py line:20: Body:{"phone": "15566778800", "pwd": "n7RgQYHht3yb/E10SmvgNQ=="}
2018-08-31 09:36:09,236 [INFO] test_env.py line:21: ### Response ###
2018-08-31 09:36:09,236 [INFO] test_env.py line:22: Status:200
2018-08-31 09:36:09,236 [INFO] test_env.py line:23: Header:{'Transfer-Encoding': 'chunked', 'Date': 'Fri, 31 Aug 2018 01:36:25 GMT', 'Content-Type': 'application/json;charset=UTF-8', 'Server': 'Apache-Coyote/1.1'}
2018-08-31 09:36:09,237 [INFO] test_env.py line:24: Body:{
  "userId" : "152352471",
  "openId" : "baa46b199e5cf9811a53ab89eaca3c9f",
  "phone" : "15566778800",
  "email" : "peiqi@56.com",
  "realName" : "佩奇",
  "nickName" : "",
  "avatar" : "",
  "apiKey" : "baa46b199e5cf9811a53ab89eaca3c9f",
  "apiSecurity" : "MzJhYzBiY2IxZTkxNDcxNjkyMDZlYmU3ZmQwYTQ3Y2QxMmQ4YjVjMWE0MGE0MGQ4YjM5NzViZjljNjI4N2ZiNGM4ODE4NjA3ZTdhNzQzNjhhZWQ3MzkyNWU0ZGJmNDlmMjUyNzQzYjI0YmYzNDNkNzk5ZmNkMGQ1ZTllYTdlYzc=",
  "timeout" : 2592000000,
  "refreshToken" : "83489d362f3f422b812162dabe1573d4",
  "companyId" : "252349469",
  "companyName" : "改签数据专用公司",
  "companyLogo" : "",
  "isAuthRealName" : "0",
  "hasPayPwd" : "0",
  "statusFlag" : "1",
  "certNo" : "579981693534505"
}
2018-08-31 09:36:09,237 [INFO] test_env.py line:25: ### Request end###
2018-08-31 09:54:28,520 [INFO] test_env.py line:16: ### Request start###
2018-08-31 09:54:28,523 [INFO] test_env.py line:17: Method:POST, URL:http://121.41.30.64:8888/account/pwd
2018-08-31 09:54:28,523 [INFO] test_env.py line:19: Header:{'Content-Length': '59', 'apikey': 'anon_viphrm_com', 'Accept-Encoding': 'gzip, deflate', 'timestamp': '1535680467000', 'Accept': '*/*', 'User-Agent': 'python-requests/2.19.1', 'Connection': 'keep-alive', 'devicetype': '0', 'location': '121.428572,31.228383', 'sign': '8b88970db2082a5420b5b33167cd1073', 'content-type': 'application/json; charset=UTF-8', 'devicetoken': 'a61dc05ebd9b8b61'}
2018-08-31 09:54:28,525 [INFO] test_env.py line:20: Body:{"phone": "15566778800", "pwd": "n7RgQYHht3yb/E10SmvgNQ=="}
2018-08-31 09:54:28,526 [INFO] test_env.py line:21: ### Response ###
2018-08-31 09:54:28,526 [INFO] test_env.py line:22: Status:200
2018-08-31 09:54:28,526 [INFO] test_env.py line:23: Header:{'Transfer-Encoding': 'chunked', 'Date': 'Fri, 31 Aug 2018 01:54:44 GMT', 'Content-Type': 'application/json;charset=UTF-8', 'Server': 'Apache-Coyote/1.1'}
2018-08-31 09:54:28,528 [INFO] test_env.py line:24: Body:{
  "userId" : "152352471",
  "openId" : "baa46b199e5cf9811a53ab89eaca3c9f",
  "phone" : "15566778800",
  "email" : "peiqi@56.com",
  "realName" : "佩奇",
  "nickName" : "",
  "avatar" : "",
  "apiKey" : "baa46b199e5cf9811a53ab89eaca3c9f",
  "apiSecurity" : "MjRjYzFiMTQ2MjBmNDM0OGJjMmFjYjJjMTBmNTBjMmVmYWE5NmMwNzg2YWU0ODBjYTVjNDgwZjdkNzIwOGVkZDUzZDU4Yzg4OWY5MTQwYzk4NDFjMmVlOTQ0YjNhOGY3NWRjNWMzYTQ2YjM1NDEyOGI4OWM1YzcxYjdkMmFmMjU=",
  "timeout" : 2592000000,
  "refreshToken" : "a1da454a8de247b6a29d644c0feae8a7",
  "companyId" : "252349469",
  "companyName" : "改签数据专用公司",
  "companyLogo" : "",
  "isAuthRealName" : "0",
  "hasPayPwd" : "0",
  "statusFlag" : "1",
  "certNo" : "579981693534505"
}
2018-08-31 09:54:28,530 [INFO] test_env.py line:25: ### Request end###
2018-08-31 09:55:43,375 [INFO] test_env.py line:16: ### Request start###
2018-08-31 09:55:43,375 [INFO] test_env.py line:17: Method:POST, URL:http://121.41.30.64:8888/account/pwd
2018-08-31 09:55:43,377 [INFO] test_env.py line:19: Header:{'Content-Length': '59', 'apikey': 'anon_viphrm_com', 'Accept-Encoding': 'gzip, deflate', 'timestamp': '1535680542000', 'Accept': '*/*', 'User-Agent': 'python-requests/2.19.1', 'Connection': 'keep-alive', 'devicetype': '0', 'location': '121.428572,31.228383', 'sign': 'ecfbc3c65346faa8499375a9843a57f9', 'content-type': 'application/json; charset=UTF-8', 'devicetoken': 'a61dc05ebd9b8b61'}
2018-08-31 09:55:43,377 [INFO] test_env.py line:20: Body:{"phone": "15566778800", "pwd": "n7RgQYHht3yb/E10SmvgNQ=="}
2018-08-31 09:55:43,377 [INFO] test_env.py line:21: ### Response ###
2018-08-31 09:55:43,377 [INFO] test_env.py line:22: Status:200
2018-08-31 09:55:43,377 [INFO] test_env.py line:23: Header:{'Transfer-Encoding': 'chunked', 'Date': 'Fri, 31 Aug 2018 01:55:59 GMT', 'Content-Type': 'application/json;charset=UTF-8', 'Server': 'Apache-Coyote/1.1'}
2018-08-31 09:55:43,378 [INFO] test_env.py line:24: Body:{
  "userId" : "152352471",
  "openId" : "baa46b199e5cf9811a53ab89eaca3c9f",
  "phone" : "15566778800",
  "email" : "peiqi@56.com",
  "realName" : "佩奇",
  "nickName" : "",
  "avatar" : "",
  "apiKey" : "baa46b199e5cf9811a53ab89eaca3c9f",
  "apiSecurity" : "ZGQ3N2IxNGVhMGFmNDM0N2IzMzg5ZmZhZTBlOWUyOGFlNjgwYjEzOTRiOGY0ZjY4OWIxZjdkY2IzMzUwZWNmYzE0NDhmMTJiNDIwNDRmYTBiZGQ2NTAwMGRiNzI4YzI5ZjdkYmNlN2U3ZTY0NDk3Njk0MDdhZTY0ZTBiOThlN2M=",
  "timeout" : 2592000000,
  "refreshToken" : "0d2c226029d8439a9da48d05e87552b5",
  "companyId" : "252349469",
  "companyName" : "改签数据专用公司",
  "companyLogo" : "",
  "isAuthRealName" : "0",
  "hasPayPwd" : "0",
  "statusFlag" : "1",
  "certNo" : "579981693534505"
}
2018-08-31 09:55:43,378 [INFO] test_env.py line:25: ### Request end###
2018-08-31 09:55:52,992 [INFO] test_env.py line:16: ### Request start###
2018-08-31 09:55:52,992 [INFO] test_env.py line:17: Method:POST, URL:http://121.41.30.64:8888/account/pwd
2018-08-31 09:55:52,992 [INFO] test_env.py line:19: Header:{'Content-Length': '59', 'apikey': 'anon_viphrm_com', 'Accept-Encoding': 'gzip, deflate', 'timestamp': '1535680552000', 'Accept': '*/*', 'User-Agent': 'python-requests/2.19.1', 'Connection': 'keep-alive', 'devicetype': '0', 'location': '121.428572,31.228383', 'sign': '6af3e682546ee168dd6400b4685045fd', 'content-type': 'application/json; charset=UTF-8', 'devicetoken': 'a61dc05ebd9b8b61'}
2018-08-31 09:55:52,992 [INFO] test_env.py line:20: Body:{"phone": "15566778800", "pwd": "n7RgQYHht3yb/E10SmvgNQ=="}
2018-08-31 09:55:52,992 [INFO] test_env.py line:21: ### Response ###
2018-08-31 09:55:52,992 [INFO] test_env.py line:22: Status:200
2018-08-31 09:55:52,993 [INFO] test_env.py line:23: Header:{'Transfer-Encoding': 'chunked', 'Date': 'Fri, 31 Aug 2018 01:56:09 GMT', 'Content-Type': 'application/json;charset=UTF-8', 'Server': 'Apache-Coyote/1.1'}
2018-08-31 09:55:52,993 [INFO] test_env.py line:24: Body:{
  "userId" : "152352471",
  "openId" : "baa46b199e5cf9811a53ab89eaca3c9f",
  "phone" : "15566778800",
  "email" : "peiqi@56.com",
  "realName" : "佩奇",
  "nickName" : "",
  "avatar" : "",
  "apiKey" : "baa46b199e5cf9811a53ab89eaca3c9f",
  "apiSecurity" : "ZTE4ZDcxMDM5ZjRmNDY2NDhkOTdmMmNjMGYxZGU3NjkzYzc5YTBhNjRhMTk0ODU5YjVmZTIyYjM3NDI1NGM2NDNmYWJkN2ZjOTRhMDQzYTc4NDA4NDc4ZWRmMmUxOTQ5NzQ0NzI5MjhjN2RkNDM1Y2JlNDE4ZDViMDI2NmQxMjE=",
  "timeout" : 2592000000,
  "refreshToken" : "bba7fba162c74545b381d6a92c206ace",
  "companyId" : "252349469",
  "companyName" : "改签数据专用公司",
  "companyLogo" : "",
  "isAuthRealName" : "0",
  "hasPayPwd" : "0",
  "statusFlag" : "1",
  "certNo" : "579981693534505"
}
2018-08-31 09:55:52,993 [INFO] test_env.py line:25: ### Request end###
