2018-08-21 17:26:58,187 [INFO] test_env.py line:16: ### Request start###
2018-08-21 17:26:58,187 [INFO] test_env.py line:17: Method:POST, URL:http://121.41.30.64:8888/
2018-08-21 17:26:58,187 [INFO] test_env.py line:19: Header:{'Content-Length': '89', 'apikey': 'anon_viphrm_com', 'Accept-Encoding': 'gzip, deflate', 'timestamp': '1534843618000', 'Accept': '*/*', 'User-Agent': 'python-requests/2.19.1', 'Connection': 'keep-alive', 'devicetype': '0', 'location': '121.428572,31.228383', 'sign': '7d5e461b5d10b1ee5936f6b5988382be', 'content-type': 'application/json; charset=UTF-8', 'devicetoken': 'a61dc05ebd9b8b61'}
2018-08-21 17:26:58,187 [INFO] test_env.py line:20: Body:{"phone": "15566778800", "pwd": "n7RgQYHht3yb/E10SmvgNQ==", "timestamp": "1534843618000"}
2018-08-21 17:26:58,188 [INFO] test_env.py line:21: ### Response ###
2018-08-21 17:26:58,188 [INFO] test_env.py line:22: Status:404
2018-08-21 17:26:58,188 [INFO] test_env.py line:23: Header:{'Date': 'Tue, 21 Aug 2018 09:27:03 GMT', 'Content-Length': '994', 'Content-Type': 'text/html;charset=utf-8', 'Content-Language': 'en', 'Server': 'Apache-Coyote/1.1'}
2018-08-21 17:26:58,188 [INFO] test_env.py line:24: Body:<!DOCTYPE html><html><head><title>Apache Tomcat/8.0.33 - Error report</title><style type="text/css">H1 {font-family:Tahoma,Arial,sans-serif;color:white;background-color:#525D76;font-size:22px;} H2 {font-family:Tahoma,Arial,sans-serif;color:white;background-color:#525D76;font-size:16px;} H3 {font-family:Tahoma,Arial,sans-serif;color:white;background-color:#525D76;font-size:14px;} BODY {font-family:Tahoma,Arial,sans-serif;color:black;background-color:white;} B {font-family:Tahoma,Arial,sans-serif;color:white;background-color:#525D76;} P {font-family:Tahoma,Arial,sans-serif;background:white;color:black;font-size:12px;}A {color : black;}A.name {color : black;}.line {height: 1px; background-color: #525D76; border: none;}</style> </head><body><h1>HTTP Status 404 - /</h1><div class="line"></div><p><b>type</b> Status report</p><p><b>message</b> <u>/</u></p><p><b>description</b> <u>The requested resource is not available.</u></p><hr class="line"><h3>Apache Tomcat/8.0.33</h3></body></html>
2018-08-21 17:26:58,190 [INFO] test_env.py line:25: ### Request end###
2018-08-21 17:27:50,819 [INFO] test_env.py line:16: ### Request start###
2018-08-21 17:27:50,819 [INFO] test_env.py line:17: Method:POST, URL:http://121.41.30.64:8888/account/pwd
2018-08-21 17:27:50,821 [INFO] test_env.py line:19: Header:{'Content-Length': '89', 'apikey': 'anon_viphrm_com', 'Accept-Encoding': 'gzip, deflate', 'timestamp': '1534843670000', 'Accept': '*/*', 'User-Agent': 'python-requests/2.19.1', 'Connection': 'keep-alive', 'devicetype': '0', 'location': '121.428572,31.228383', 'sign': 'f0a7835b4c2adb0a9bc48911416239f4', 'content-type': 'application/json; charset=UTF-8', 'devicetoken': 'a61dc05ebd9b8b61'}
2018-08-21 17:27:50,821 [INFO] test_env.py line:20: Body:{"phone": "15566778800", "pwd": "n7RgQYHht3yb/E10SmvgNQ==", "timestamp": "1534843670000"}
2018-08-21 17:27:50,821 [INFO] test_env.py line:21: ### Response ###
2018-08-21 17:27:50,821 [INFO] test_env.py line:22: Status:400
2018-08-21 17:27:50,821 [INFO] test_env.py line:23: Header:{'Transfer-Encoding': 'chunked', 'Date': 'Tue, 21 Aug 2018 09:27:55 GMT', 'Connection': 'close', 'Content-Type': 'application/json;charset=UTF-8', 'Server': 'Apache-Coyote/1.1'}
2018-08-21 17:27:50,822 [INFO] test_env.py line:24: Body:{"code":"103021","msg":"网络不给力:)"}
2018-08-21 17:27:50,822 [INFO] test_env.py line:25: ### Request end###
2018-08-21 17:30:20,441 [INFO] test_env.py line:16: ### Request start###
2018-08-21 17:30:20,441 [INFO] test_env.py line:17: Method:POST, URL:http://121.41.30.64:8888/account/pwd
2018-08-21 17:30:20,441 [INFO] test_env.py line:19: Header:{'Content-Length': '89', 'apikey': 'anon_viphrm_com', 'Accept-Encoding': 'gzip, deflate', 'timestamp': '1534843820000', 'Accept': '*/*', 'User-Agent': 'python-requests/2.19.1', 'Connection': 'keep-alive', 'devicetype': '0', 'location': '121.428572,31.228383', 'sign': '24f5af98ab4703f9109c76afdec4262b', 'content-type': 'application/json; charset=UTF-8', 'devicetoken': 'a61dc05ebd9b8b61'}
2018-08-21 17:30:20,443 [INFO] test_env.py line:20: Body:{"phone": "15566778800", "pwd": "n7RgQYHht3yb/E10SmvgNQ==", "timestamp": "1534843820000"}
2018-08-21 17:30:20,443 [INFO] test_env.py line:21: ### Response ###
2018-08-21 17:30:20,443 [INFO] test_env.py line:22: Status:400
2018-08-21 17:30:20,443 [INFO] test_env.py line:23: Header:{'Transfer-Encoding': 'chunked', 'Date': 'Tue, 21 Aug 2018 09:30:24 GMT', 'Connection': 'close', 'Content-Type': 'application/json;charset=UTF-8', 'Server': 'Apache-Coyote/1.1'}
2018-08-21 17:30:20,443 [INFO] test_env.py line:24: Body:{"code":"103021","msg":"网络不给力:)"}
2018-08-21 17:30:20,443 [INFO] test_env.py line:25: ### Request end###
2018-08-21 17:38:20,904 [INFO] test_env.py line:16: ### Request start###
2018-08-21 17:38:20,904 [INFO] test_env.py line:17: Method:POST, URL:http://121.41.30.64:8888/account/pwd
2018-08-21 17:38:20,904 [INFO] test_env.py line:19: Header:{'Content-Length': '89', 'apikey': 'anon_viphrm_com', 'Accept-Encoding': 'gzip, deflate', 'timestamp': '1534844300000', 'Accept': '*/*', 'User-Agent': 'python-requests/2.19.1', 'Connection': 'keep-alive', 'devicetype': '0', 'location': '121.428572,31.228383', 'sign': '619e238fa586b7f34247fe0ada208e2b', 'content-type': 'application/json; charset=UTF-8', 'devicetoken': 'a61dc05ebd9b8b61'}
2018-08-21 17:38:20,904 [INFO] test_env.py line:20: Body:{"phone": "15566778800", "pwd": "n7RgQYHht3yb/E10SmvgNQ==", "timestamp": "1534844300000"}
2018-08-21 17:38:20,904 [INFO] test_env.py line:21: ### Response ###
2018-08-21 17:38:20,904 [INFO] test_env.py line:22: Status:400
2018-08-21 17:38:20,904 [INFO] test_env.py line:23: Header:{'Transfer-Encoding': 'chunked', 'Date': 'Tue, 21 Aug 2018 09:38:25 GMT', 'Connection': 'close', 'Content-Type': 'application/json;charset=UTF-8', 'Server': 'Apache-Coyote/1.1'}
2018-08-21 17:38:20,904 [INFO] test_env.py line:24: Body:{"code":"103021","msg":"网络不给力:)"}
2018-08-21 17:38:20,904 [INFO] test_env.py line:25: ### Request end###
2018-08-21 17:39:39,240 [INFO] test_env.py line:16: ### Request start###
2018-08-21 17:39:39,240 [INFO] test_env.py line:17: Method:POST, URL:http://121.41.30.64:8888/account/pwd
2018-08-21 17:39:39,240 [INFO] test_env.py line:19: Header:{'Content-Length': '89', 'apikey': 'anon_viphrm_com', 'Accept-Encoding': 'gzip, deflate', 'timestamp': '1534844379000', 'Accept': '*/*', 'User-Agent': 'python-requests/2.19.1', 'Connection': 'keep-alive', 'devicetype': '0', 'location': '121.428572,31.228383', 'sign': '9b81fd732cbc3dfbf59a23371dda59bd', 'content-type': 'application/json; charset=UTF-8', 'devicetoken': 'a61dc05ebd9b8b61'}
2018-08-21 17:39:39,240 [INFO] test_env.py line:20: Body:{"phone": "15566778800", "pwd": "n7RgQYHht3yb/E10SmvgNQ==", "timestamp": "1534844379000"}
2018-08-21 17:39:39,240 [INFO] test_env.py line:21: ### Response ###
2018-08-21 17:39:39,240 [INFO] test_env.py line:22: Status:400
2018-08-21 17:39:39,240 [INFO] test_env.py line:23: Header:{'Transfer-Encoding': 'chunked', 'Date': 'Tue, 21 Aug 2018 09:39:44 GMT', 'Connection': 'close', 'Content-Type': 'application/json;charset=UTF-8', 'Server': 'Apache-Coyote/1.1'}
2018-08-21 17:39:39,240 [INFO] test_env.py line:24: Body:{"code":"103021","msg":"网络不给力:)"}
2018-08-21 17:39:39,240 [INFO] test_env.py line:25: ### Request end###
2018-08-21 17:41:52,272 [INFO] test_env.py line:16: ### Request start###
2018-08-21 17:41:52,272 [INFO] test_env.py line:17: Method:POST, URL:http://121.41.30.64:8888/account/pwd
2018-08-21 17:41:52,273 [INFO] test_env.py line:19: Header:{'Content-Length': '59', 'apikey': 'anon_viphrm_com', 'Accept-Encoding': 'gzip, deflate', 'timestamp': '1534744335803', 'Accept': '*/*', 'User-Agent': 'python-requests/2.19.1', 'Connection': 'keep-alive', 'devicetype': '0', 'location': '121.428572,31.228383', 'sign': '092e61e09a2e13c8b95fec2a432b656e', 'content-type': 'application/json; charset=UTF-8', 'devicetoken': 'a61dc05ebd9b8b61'}
2018-08-21 17:41:52,273 [INFO] test_env.py line:20: Body:{"phone": "15566778800", "pwd": "n7RgQYHht3yb/E10SmvgNQ=="}
2018-08-21 17:41:52,273 [INFO] test_env.py line:21: ### Response ###
2018-08-21 17:41:52,273 [INFO] test_env.py line:22: Status:400
2018-08-21 17:41:52,273 [INFO] test_env.py line:23: Header:{'Transfer-Encoding': 'chunked', 'Date': 'Tue, 21 Aug 2018 09:41:57 GMT', 'Connection': 'close', 'Content-Type': 'application/json;charset=UTF-8', 'Server': 'Apache-Coyote/1.1'}
2018-08-21 17:41:52,273 [INFO] test_env.py line:24: Body:{"code":"103017","msg":"登录失效，请重新登录！"}
2018-08-21 17:41:52,273 [INFO] test_env.py line:25: ### Request end###
2018-08-21 17:42:09,197 [INFO] test_env.py line:16: ### Request start###
2018-08-21 17:42:09,197 [INFO] test_env.py line:17: Method:POST, URL:http://121.41.30.64:8888/account/pwd
2018-08-21 17:42:09,197 [INFO] test_env.py line:19: Header:{'Content-Length': '59', 'apikey': 'anon_viphrm_com', 'Accept-Encoding': 'gzip, deflate', 'timestamp': '1534844379000', 'Accept': '*/*', 'User-Agent': 'python-requests/2.19.1', 'Connection': 'keep-alive', 'devicetype': '0', 'location': '121.428572,31.228383', 'sign': '9b81fd732cbc3dfbf59a23371dda59bd', 'content-type': 'application/json; charset=UTF-8', 'devicetoken': 'a61dc05ebd9b8b61'}
2018-08-21 17:42:09,198 [INFO] test_env.py line:20: Body:{"phone": "15566778800", "pwd": "n7RgQYHht3yb/E10SmvgNQ=="}
2018-08-21 17:42:09,198 [INFO] test_env.py line:21: ### Response ###
2018-08-21 17:42:09,198 [INFO] test_env.py line:22: Status:200
2018-08-21 17:42:09,200 [INFO] test_env.py line:23: Header:{'Transfer-Encoding': 'chunked', 'Date': 'Tue, 21 Aug 2018 09:42:14 GMT', 'Content-Type': 'application/json;charset=UTF-8', 'Server': 'Apache-Coyote/1.1'}
2018-08-21 17:42:09,200 [INFO] test_env.py line:24: Body:{
  "userId" : "152352471",
  "openId" : "baa46b199e5cf9811a53ab89eaca3c9f",
  "phone" : "15566778800",
  "email" : "peiqi@56.com",
  "realName" : "佩奇",
  "nickName" : "",
  "avatar" : "",
  "apiKey" : "baa46b199e5cf9811a53ab89eaca3c9f",
  "apiSecurity" : "NzYyM2E1NjdiNjVlNGI4M2JlMGFjOTVlNDFjZWUzYTUxZmE4ZTU3MjA0MmM0NGY5ODgzNWM5ODhhZWVhYmE4ODk4MDFmNDEyNmM0YTRjN2RhNDY3ZjhmOTMyZDk1Y2UzOTA2ZjRlNmU4MGNlNDMwN2I2ZmIzYmMzZmJiMDUwZTQ=",
  "timeout" : 2592000000,
  "refreshToken" : "3bb0e890c37740e1934ee4df5547d2cf",
  "companyId" : "252349469",
  "companyName" : "改签数据专用公司",
  "companyLogo" : "",
  "isAuthRealName" : "0",
  "hasPayPwd" : "0",
  "statusFlag" : "1",
  "certNo" : "579981693534505"
}
2018-08-21 17:42:09,200 [INFO] test_env.py line:25: ### Request end###
2018-08-21 17:43:08,960 [INFO] test_env.py line:16: ### Request start###
2018-08-21 17:43:08,961 [INFO] test_env.py line:17: Method:POST, URL:http://121.41.30.64:8888/account/pwd
2018-08-21 17:43:08,961 [INFO] test_env.py line:19: Header:{'Content-Length': '89', 'apikey': 'anon_viphrm_com', 'Accept-Encoding': 'gzip, deflate', 'timestamp': '1534844588000', 'Accept': '*/*', 'User-Agent': 'python-requests/2.19.1', 'Connection': 'keep-alive', 'devicetype': '0', 'location': '121.428572,31.228383', 'sign': 'a7ae64c8f29c7203bbb2300a4b9f4dab', 'content-type': 'application/json; charset=UTF-8', 'devicetoken': 'a61dc05ebd9b8b61'}
2018-08-21 17:43:08,961 [INFO] test_env.py line:20: Body:{"phone": "15566778800", "pwd": "n7RgQYHht3yb/E10SmvgNQ==", "timestamp": "1534844588000"}
2018-08-21 17:43:08,961 [INFO] test_env.py line:21: ### Response ###
2018-08-21 17:43:08,961 [INFO] test_env.py line:22: Status:400
2018-08-21 17:43:08,961 [INFO] test_env.py line:23: Header:{'Transfer-Encoding': 'chunked', 'Date': 'Tue, 21 Aug 2018 09:43:13 GMT', 'Connection': 'close', 'Content-Type': 'application/json;charset=UTF-8', 'Server': 'Apache-Coyote/1.1'}
2018-08-21 17:43:08,961 [INFO] test_env.py line:24: Body:{"code":"103021","msg":"网络不给力:)"}
2018-08-21 17:43:08,961 [INFO] test_env.py line:25: ### Request end###
2018-08-21 17:44:44,252 [INFO] test_env.py line:16: ### Request start###
2018-08-21 17:44:44,253 [INFO] test_env.py line:17: Method:POST, URL:http://121.41.30.64:8888/account/pwd
2018-08-21 17:44:44,253 [INFO] test_env.py line:19: Header:{'Content-Length': '89', 'apikey': 'anon_viphrm_com', 'Accept-Encoding': 'gzip, deflate', 'timestamp': '1534844659000', 'Accept': '*/*', 'User-Agent': 'python-requests/2.19.1', 'Connection': 'keep-alive', 'devicetype': '0', 'location': '121.428572,31.228383', 'sign': 'a44f83272f5f60e75fb84066299a1f04', 'content-type': 'application/json; charset=UTF-8', 'devicetoken': 'a61dc05ebd9b8b61'}
2018-08-21 17:44:44,253 [INFO] test_env.py line:20: Body:{"phone": "15566778800", "pwd": "n7RgQYHht3yb/E10SmvgNQ==", "timestamp": "1534844659000"}
2018-08-21 17:44:44,255 [INFO] test_env.py line:21: ### Response ###
2018-08-21 17:44:44,256 [INFO] test_env.py line:22: Status:400
2018-08-21 17:44:44,256 [INFO] test_env.py line:23: Header:{'Transfer-Encoding': 'chunked', 'Date': 'Tue, 21 Aug 2018 09:44:49 GMT', 'Connection': 'close', 'Content-Type': 'application/json;charset=UTF-8', 'Server': 'Apache-Coyote/1.1'}
2018-08-21 17:44:44,256 [INFO] test_env.py line:24: Body:{"code":"103021","msg":"网络不给力:)"}
2018-08-21 17:44:44,257 [INFO] test_env.py line:25: ### Request end###
2018-08-21 17:58:54,154 [INFO] test_env.py line:16: ### Request start###
2018-08-21 17:58:54,154 [INFO] test_env.py line:17: Method:POST, URL:http://121.41.30.64:8888/account/pwd
2018-08-21 17:58:54,154 [INFO] test_env.py line:19: Header:{'Content-Length': '59', 'apikey': 'anon_viphrm_com', 'Accept-Encoding': 'gzip, deflate', 'timestamp': '1534845533000', 'Accept': '*/*', 'User-Agent': 'python-requests/2.19.1', 'Connection': 'keep-alive', 'devicetype': '0', 'location': '121.428572,31.228383', 'sign': '48e5e8b38a0fac7b5ccb80b3440450b8', 'content-type': 'application/json; charset=UTF-8', 'devicetoken': 'a61dc05ebd9b8b61'}
2018-08-21 17:58:54,155 [INFO] test_env.py line:20: Body:{"phone": "15566778800", "pwd": "n7RgQYHht3yb/E10SmvgNQ=="}
2018-08-21 17:58:54,155 [INFO] test_env.py line:21: ### Response ###
2018-08-21 17:58:54,155 [INFO] test_env.py line:22: Status:200
2018-08-21 17:58:54,157 [INFO] test_env.py line:23: Header:{'Transfer-Encoding': 'chunked', 'Date': 'Tue, 21 Aug 2018 09:58:58 GMT', 'Content-Type': 'application/json;charset=UTF-8', 'Server': 'Apache-Coyote/1.1'}
2018-08-21 17:58:54,157 [INFO] test_env.py line:24: Body:{
  "userId" : "152352471",
  "openId" : "baa46b199e5cf9811a53ab89eaca3c9f",
  "phone" : "15566778800",
  "email" : "peiqi@56.com",
  "realName" : "佩奇",
  "nickName" : "",
  "avatar" : "",
  "apiKey" : "baa46b199e5cf9811a53ab89eaca3c9f",
  "apiSecurity" : "OTNkMjI3ZTRmNjhjNDMxYTgzNTljMWY0OGNkOTYwZGRmMTRmZmI5MjQ4ZjQ0NWQ2OWM0NjNmNjMxZTU5NmMwOGE1YmEwODQ0NzA4MTRhYzE4YzAzYzc3NDY4OGFhNzU2MjMyNjc3ZjQ4NzViNDE5NWE5YjBjODNjNzQyZWYxNGQ=",
  "timeout" : 2592000000,
  "refreshToken" : "78d49a5b30284619b516aca5f4c8d8d3",
  "companyId" : "252349469",
  "companyName" : "改签数据专用公司",
  "companyLogo" : "",
  "isAuthRealName" : "0",
  "hasPayPwd" : "0",
  "statusFlag" : "1",
  "certNo" : "579981693534505"
}
2018-08-21 17:58:54,157 [INFO] test_env.py line:25: ### Request end###
2018-08-21 17:59:10,532 [INFO] test_env.py line:16: ### Request start###
2018-08-21 17:59:10,532 [INFO] test_env.py line:17: Method:POST, URL:http://121.41.30.64:8888/account/pwd
2018-08-21 17:59:10,533 [INFO] test_env.py line:19: Header:{'Content-Length': '59', 'apikey': 'anon_viphrm_com', 'Accept-Encoding': 'gzip, deflate', 'timestamp': '1534845549000', 'Accept': '*/*', 'User-Agent': 'python-requests/2.19.1', 'Connection': 'keep-alive', 'devicetype': '0', 'location': '121.428572,31.228383', 'sign': 'df7d425533d365371cf366258c134af8', 'content-type': 'application/json; charset=UTF-8', 'devicetoken': 'a61dc05ebd9b8b61'}
2018-08-21 17:59:10,533 [INFO] test_env.py line:20: Body:{"phone": "15566778800", "pwd": "n7RgQYHht3yb/E10SmvgNQ=="}
2018-08-21 17:59:10,535 [INFO] test_env.py line:21: ### Response ###
2018-08-21 17:59:10,535 [INFO] test_env.py line:22: Status:200
2018-08-21 17:59:10,535 [INFO] test_env.py line:23: Header:{'Transfer-Encoding': 'chunked', 'Date': 'Tue, 21 Aug 2018 09:59:15 GMT', 'Content-Type': 'application/json;charset=UTF-8', 'Server': 'Apache-Coyote/1.1'}
2018-08-21 17:59:10,536 [INFO] test_env.py line:24: Body:{
  "userId" : "152352471",
  "openId" : "baa46b199e5cf9811a53ab89eaca3c9f",
  "phone" : "15566778800",
  "email" : "peiqi@56.com",
  "realName" : "佩奇",
  "nickName" : "",
  "avatar" : "",
  "apiKey" : "baa46b199e5cf9811a53ab89eaca3c9f",
  "apiSecurity" : "MDZjMDQxYmFlYTUxNDExZjhmMjU5MDQ3MGY4N2Y5NWNhY2Q2YjU2MjRkMDE0NWQ0YTFkOTYyZDA3N2RiNDUyMzM5YzIzNWNmZTQ0MzRiMTY4MTA0MjMxNzg3Y2E4ZTZlMzIzZjNmZjY0ZmE2NDNlYWI0NzdjZDIzYjQ0OWRjZTE=",
  "timeout" : 2592000000,
  "refreshToken" : "1031233877874509bddc05aaba7435fc",
  "companyId" : "252349469",
  "companyName" : "改签数据专用公司",
  "companyLogo" : "",
  "isAuthRealName" : "0",
  "hasPayPwd" : "0",
  "statusFlag" : "1",
  "certNo" : "579981693534505"
}
2018-08-21 17:59:10,536 [INFO] test_env.py line:25: ### Request end###
2018-08-21 18:01:24,390 [INFO] test_env.py line:16: ### Request start###
2018-08-21 18:01:24,390 [INFO] test_env.py line:17: Method:POST, URL:http://121.41.30.64:8888/account/pwd
2018-08-21 18:01:24,391 [INFO] test_env.py line:19: Header:{'Content-Length': '59', 'apikey': 'anon_viphrm_com', 'Accept-Encoding': 'gzip, deflate', 'timestamp': '1534845683000', 'Accept': '*/*', 'User-Agent': 'python-requests/2.19.1', 'Connection': 'keep-alive', 'devicetype': '0', 'location': '121.428572,31.228383', 'sign': '27c2ad7085afa1fcdb9b50db8ed3e508', 'content-type': 'application/json; charset=UTF-8', 'devicetoken': 'a61dc05ebd9b8b61'}
2018-08-21 18:01:24,391 [INFO] test_env.py line:20: Body:{"phone": "15566778800", "pwd": "n7RgQYHht3yb/E10SmvgNQ=="}
2018-08-21 18:01:24,391 [INFO] test_env.py line:21: ### Response ###
2018-08-21 18:01:24,391 [INFO] test_env.py line:22: Status:200
2018-08-21 18:01:24,391 [INFO] test_env.py line:23: Header:{'Transfer-Encoding': 'chunked', 'Date': 'Tue, 21 Aug 2018 10:01:29 GMT', 'Content-Type': 'application/json;charset=UTF-8', 'Server': 'Apache-Coyote/1.1'}
2018-08-21 18:01:24,392 [INFO] test_env.py line:24: Body:{
  "userId" : "152352471",
  "openId" : "baa46b199e5cf9811a53ab89eaca3c9f",
  "phone" : "15566778800",
  "email" : "peiqi@56.com",
  "realName" : "佩奇",
  "nickName" : "",
  "avatar" : "",
  "apiKey" : "baa46b199e5cf9811a53ab89eaca3c9f",
  "apiSecurity" : "MzAyMTlmNDM5MGNlNGVkOWEyZmFkNWEyMmRiNmYxNmQ1MmM2M2ZiZjcxNmI0YzYwOWI2NWZlOGZkMzk3OTQ3NmJiYzVjNTQyMzk4ODQxYjZhMmI0MTBiMzg3MjNjMzFmYjNlNDg2YzNiNmQyNDc4OGI0YjA0Y2Y4Yjg0Y2ZlMmU=",
  "timeout" : 2592000000,
  "refreshToken" : "0d781db501af4e3cb153d149a0f458bb",
  "companyId" : "252349469",
  "companyName" : "改签数据专用公司",
  "companyLogo" : "",
  "isAuthRealName" : "0",
  "hasPayPwd" : "0",
  "statusFlag" : "1",
  "certNo" : "579981693534505"
}
2018-08-21 18:01:24,392 [INFO] test_env.py line:25: ### Request end###
2018-08-21 18:01:52,940 [INFO] test_env.py line:16: ### Request start###
2018-08-21 18:01:52,940 [INFO] test_env.py line:17: Method:POST, URL:http://121.41.30.64:8888/account/pwd
2018-08-21 18:01:52,941 [INFO] test_env.py line:19: Header:{'Content-Length': '59', 'apikey': 'anon_viphrm_com', 'Accept-Encoding': 'gzip, deflate', 'timestamp': '1534845712000', 'Accept': '*/*', 'User-Agent': 'python-requests/2.19.1', 'Connection': 'keep-alive', 'devicetype': '0', 'location': '121.428572,31.228383', 'sign': '4d7074415891e9fda443bdf20b800764', 'content-type': 'application/json; charset=UTF-8', 'devicetoken': 'a61dc05ebd9b8b61'}
2018-08-21 18:01:52,941 [INFO] test_env.py line:20: Body:{"phone": "15566778800", "pwd": "n7RgQYHht3yb/E10SmvgNQ=="}
2018-08-21 18:01:52,943 [INFO] test_env.py line:21: ### Response ###
2018-08-21 18:01:52,943 [INFO] test_env.py line:22: Status:200
2018-08-21 18:01:52,943 [INFO] test_env.py line:23: Header:{'Transfer-Encoding': 'chunked', 'Date': 'Tue, 21 Aug 2018 10:01:57 GMT', 'Content-Type': 'application/json;charset=UTF-8', 'Server': 'Apache-Coyote/1.1'}
2018-08-21 18:01:52,944 [INFO] test_env.py line:24: Body:{
  "userId" : "152352471",
  "openId" : "baa46b199e5cf9811a53ab89eaca3c9f",
  "phone" : "15566778800",
  "email" : "peiqi@56.com",
  "realName" : "佩奇",
  "nickName" : "",
  "avatar" : "",
  "apiKey" : "baa46b199e5cf9811a53ab89eaca3c9f",
  "apiSecurity" : "YTY4NjI0ZjFkNTViNDI5YTlhMDQ4ZGRjMWFiYmFiNTI1YzkxMWVmY2UwY2E0YzI5ODdmYTM3YjE2YjI0NTM2ODA2ZjVkOGUzMTdhOTQ4MzlhOGRlODZkMzJlOWU0MTA4OTdlMDlmNzk3ODFiNGNjY2JhYzlhNDhlZjBjYzQyOWY=",
  "timeout" : 2592000000,
  "refreshToken" : "5d2fd45dc006475baa6e702e4ddd3b74",
  "companyId" : "252349469",
  "companyName" : "改签数据专用公司",
  "companyLogo" : "",
  "isAuthRealName" : "0",
  "hasPayPwd" : "0",
  "statusFlag" : "1",
  "certNo" : "579981693534505"
}
2018-08-21 18:01:52,944 [INFO] test_env.py line:25: ### Request end###
